TN:
SF:/Users/johnhigginsm.avila/Documents/Thesis/RCRTS/web-app/src/polyfills.ts
FNF:0
FNH:0
DA:22,1
DA:23,1
DA:24,1
DA:25,1
DA:26,1
DA:27,1
DA:28,1
DA:29,1
DA:30,1
DA:31,1
DA:32,1
DA:33,1
DA:34,1
DA:44,1
DA:45,1
DA:56,1
LF:16
LH:16
BRF:0
BRH:0
end_of_record
TN:
SF:/Users/johnhigginsm.avila/Documents/Thesis/RCRTS/web-app/src/test.ts
FN:20,(anonymous_0)
FNF:1
FNH:1
FNDA:1,(anonymous_0)
DA:3,1
DA:4,1
DA:5,1
DA:6,1
DA:7,1
DA:8,1
DA:9,1
DA:10,1
DA:20,1
DA:23,1
DA:28,1
DA:30,1
DA:32,1
LF:13
LH:13
BRF:0
BRH:0
end_of_record
TN:
SF:/Users/johnhigginsm.avila/Documents/Thesis/RCRTS/web-app/src/app/app.component.ts
FN:11,(anonymous_2)
FN:14,AppComponent
FN:19,(anonymous_4)
FN:20,(anonymous_5)
FN:20,(anonymous_6)
FNF:5
FNH:1
FNDA:1,(anonymous_2)
FNDA:0,AppComponent
FNDA:0,(anonymous_4)
FNDA:0,(anonymous_5)
FNDA:0,(anonymous_6)
DA:1,1
DA:2,1
DA:3,1
DA:11,1
DA:15,0
DA:16,0
DA:19,1
DA:20,0
DA:21,0
DA:22,0
DA:23,0
DA:24,0
DA:25,0
DA:29,1
LF:14
LH:6
BRDA:23,0,0,0
BRDA:23,0,1,0
BRF:2
BRH:0
end_of_record
TN:
SF:/Users/johnhigginsm.avila/Documents/Thesis/RCRTS/web-app/src/app/app.module.ts
FN:104,(anonymous_2)
FN:142,(anonymous_4)
FN:143,AppModule
FNF:3
FNH:2
FNDA:1,(anonymous_2)
FNDA:1,(anonymous_4)
FNDA:0,AppModule
DA:1,1
DA:2,1
DA:3,1
DA:4,1
DA:6,1
DA:7,1
DA:8,1
DA:43,1
DA:46,1
DA:47,1
DA:48,1
DA:49,1
DA:51,1
DA:53,1
DA:54,1
DA:55,1
DA:56,1
DA:57,1
DA:58,1
DA:59,1
DA:60,1
DA:62,1
DA:63,1
DA:66,1
DA:104,1
DA:142,1
DA:146,0
DA:147,0
DA:148,0
DA:150,0
DA:153,1
LF:31
LH:27
BRDA:146,0,0,0
BRDA:146,0,1,0
BRF:2
BRH:0
end_of_record
TN:
SF:/Users/johnhigginsm.avila/Documents/Thesis/RCRTS/web-app/src/app/app.routing.ts
FNF:0
FNH:0
DA:3,1
DA:4,1
DA:5,1
DA:6,1
DA:8,1
DA:10,1
LF:6
LH:6
BRF:0
BRH:0
end_of_record
TN:
SF:/Users/johnhigginsm.avila/Documents/Thesis/RCRTS/web-app/src/app/classes/index.ts
FNF:0
FNH:0
DA:1,1
LF:1
LH:1
BRF:0
BRH:0
end_of_record
TN:
SF:/Users/johnhigginsm.avila/Documents/Thesis/RCRTS/web-app/src/app/classes/table.class.ts
FN:4,(anonymous_2)
FN:17,TableClass
FN:19,(anonymous_4)
FN:27,(anonymous_5)
FN:31,(anonymous_6)
FN:35,(anonymous_7)
FN:39,(anonymous_8)
FN:43,(anonymous_9)
FN:47,(anonymous_10)
FNF:9
FNH:2
FNDA:1,(anonymous_2)
FNDA:1,TableClass
FNDA:0,(anonymous_4)
FNDA:0,(anonymous_5)
FNDA:0,(anonymous_6)
FNDA:0,(anonymous_7)
FNDA:0,(anonymous_8)
FNDA:0,(anonymous_9)
FNDA:0,(anonymous_10)
DA:2,1
DA:4,1
DA:5,1
DA:6,1
DA:7,1
DA:8,2
DA:9,2
DA:10,2
DA:11,2
DA:12,2
DA:13,2
DA:14,1
DA:15,1
DA:16,1
DA:19,1
DA:20,0
DA:21,0
DA:22,0
DA:24,0
DA:27,1
DA:28,0
DA:31,1
DA:32,0
DA:35,1
DA:36,0
DA:39,1
DA:40,0
DA:43,1
DA:44,0
DA:47,1
DA:48,0
DA:50,1
LF:32
LH:22
BRF:0
BRH:0
end_of_record
TN:
SF:/Users/johnhigginsm.avila/Documents/Thesis/RCRTS/web-app/src/app/guards/admin.guard.ts
FN:9,(anonymous_2)
FN:10,AdminGuard
FN:14,(anonymous_4)
FN:31,(anonymous_5)
FNF:4
FNH:1
FNDA:1,(anonymous_2)
FNDA:0,AdminGuard
FNDA:0,(anonymous_4)
FNDA:0,(anonymous_5)
DA:1,1
DA:2,1
DA:9,1
DA:11,0
DA:14,1
DA:28,0
DA:31,1
DA:33,0
DA:45,0
DA:47,1
LF:10
LH:6
BRF:0
BRH:0
end_of_record
TN:
SF:/Users/johnhigginsm.avila/Documents/Thesis/RCRTS/web-app/src/app/guards/can-deactivate.guard.ts
FN:10,(anonymous_1)
FN:12,(anonymous_3)
FNF:2
FNH:1
FNDA:1,(anonymous_1)
FNDA:0,(anonymous_3)
DA:1,1
DA:10,1
DA:12,1
DA:16,0
DA:19,1
LF:5
LH:4
BRDA:16,0,0,0
BRDA:16,0,1,0
BRF:2
BRH:0
end_of_record
TN:
SF:/Users/johnhigginsm.avila/Documents/Thesis/RCRTS/web-app/src/app/guards/host.guard.ts
FN:10,(anonymous_2)
FN:12,HostGuard
FN:17,(anonymous_4)
FN:21,(anonymous_5)
FN:24,(anonymous_6)
FN:30,(anonymous_7)
FN:39,(anonymous_8)
FN:43,(anonymous_9)
FN:46,(anonymous_10)
FN:52,(anonymous_11)
FNF:10
FNH:1
FNDA:1,(anonymous_2)
FNDA:0,HostGuard
FNDA:0,(anonymous_4)
FNDA:0,(anonymous_5)
FNDA:0,(anonymous_6)
FNDA:0,(anonymous_7)
FNDA:0,(anonymous_8)
FNDA:0,(anonymous_9)
FNDA:0,(anonymous_10)
FNDA:0,(anonymous_11)
DA:1,1
DA:3,1
DA:4,1
DA:6,1
DA:7,1
DA:10,1
DA:13,0
DA:14,0
DA:17,1
DA:19,0
DA:21,0
DA:25,0
DA:26,0
DA:31,0
DA:34,0
DA:39,1
DA:41,0
DA:43,0
DA:47,0
DA:48,0
DA:53,0
DA:56,0
DA:60,1
LF:23
LH:9
BRDA:25,0,0,0
BRDA:25,0,1,0
BRDA:47,1,0,0
BRDA:47,1,1,0
BRF:4
BRH:0
end_of_record
TN:
SF:/Users/johnhigginsm.avila/Documents/Thesis/RCRTS/web-app/src/app/guards/index.ts
FNF:0
FNH:0
DA:1,1
DA:2,1
DA:3,1
DA:4,1
LF:4
LH:4
BRF:0
BRH:0
end_of_record
TN:
SF:/Users/johnhigginsm.avila/Documents/Thesis/RCRTS/web-app/src/app/guards/session.guard.ts
FN:10,(anonymous_2)
FN:12,SessionGuard
FN:17,(anonymous_4)
FN:21,(anonymous_5)
FN:27,(anonymous_6)
FN:35,(anonymous_7)
FN:43,(anonymous_8)
FNF:7
FNH:1
FNDA:1,(anonymous_2)
FNDA:0,SessionGuard
FNDA:0,(anonymous_4)
FNDA:0,(anonymous_5)
FNDA:0,(anonymous_6)
FNDA:0,(anonymous_7)
FNDA:0,(anonymous_8)
DA:1,1
DA:2,1
DA:3,1
DA:5,1
DA:10,1
DA:13,0
DA:14,0
DA:17,1
DA:19,0
DA:22,0
DA:23,0
DA:28,0
DA:31,0
DA:35,1
DA:37,0
DA:38,0
DA:39,0
DA:44,0
DA:47,0
DA:50,1
LF:20
LH:8
BRDA:22,0,0,0
BRDA:22,0,1,0
BRDA:38,1,0,0
BRDA:38,1,1,0
BRDA:38,2,0,0
BRDA:38,2,1,0
BRF:6
BRH:0
end_of_record
TN:
SF:/Users/johnhigginsm.avila/Documents/Thesis/RCRTS/web-app/src/app/hosts/hosts.module.ts
FN:31,(anonymous_1)
FNF:1
FNH:1
FNDA:2,(anonymous_1)
DA:1,1
DA:2,1
DA:3,1
DA:4,1
DA:5,1
DA:6,1
DA:7,1
DA:8,1
DA:31,1
LF:9
LH:9
BRF:0
BRH:0
end_of_record
TN:
SF:/Users/johnhigginsm.avila/Documents/Thesis/RCRTS/web-app/src/app/hosts/hosts-list/hosts-list.component.ts
FN:10,(anonymous_7)
FN:15,HostsListComponent
FN:19,(anonymous_9)
FN:23,(anonymous_10)
FN:27,(anonymous_11)
FNF:5
FNH:1
FNDA:1,(anonymous_7)
FNDA:0,HostsListComponent
FNDA:0,(anonymous_9)
FNDA:0,(anonymous_10)
FNDA:0,(anonymous_11)
DA:2,1
DA:3,1
DA:10,1
DA:12,1
DA:13,1
DA:16,0
DA:19,1
DA:20,0
DA:23,1
DA:24,0
DA:27,1
DA:28,0
DA:31,1
LF:13
LH:9
BRDA:16,0,0,0
BRDA:16,0,1,0
BRF:2
BRH:0
end_of_record
TN:
SF:/Users/johnhigginsm.avila/Documents/Thesis/RCRTS/web-app/src/app/hosts/new-host/new-host.component.ts
FN:13,(anonymous_2)
FN:15,NewHostComponent
FN:21,(anonymous_4)
FN:40,(anonymous_5)
FN:53,(anonymous_6)
FN:59,(anonymous_7)
FNF:6
FNH:1
FNDA:1,(anonymous_2)
FNDA:0,NewHostComponent
FNDA:0,(anonymous_4)
FNDA:0,(anonymous_5)
FNDA:0,(anonymous_6)
FNDA:0,(anonymous_7)
DA:1,1
DA:2,1
DA:3,1
DA:4,1
DA:5,1
DA:6,1
DA:13,1
DA:16,0
DA:17,0
DA:18,0
DA:21,1
DA:22,0
DA:40,1
DA:41,0
DA:52,0
DA:54,0
DA:55,0
DA:59,1
DA:60,0
DA:61,0
DA:65,0
DA:69,1
LF:22
LH:11
BRDA:44,0,0,0
BRDA:44,0,1,0
BRDA:45,1,0,0
BRDA:45,1,1,0
BRDA:46,2,0,0
BRDA:46,2,1,0
BRDA:47,3,0,0
BRDA:47,3,1,0
BRDA:60,4,0,0
BRDA:60,4,1,0
BRF:10
BRH:0
end_of_record
TN:
SF:/Users/johnhigginsm.avila/Documents/Thesis/RCRTS/web-app/src/app/layouts/admin/admin-layout.component.ts
FN:22,(anonymous_2)
FN:33,AdminLayoutComponent
FN:40,(anonymous_4)
FN:46,(anonymous_5)
FN:49,(anonymous_6)
FN:62,(anonymous_7)
FN:62,(anonymous_8)
FN:70,(anonymous_9)
FN:70,(anonymous_10)
FN:76,(anonymous_11)
FN:79,(anonymous_12)
FN:86,(anonymous_13)
FN:95,(anonymous_14)
FN:103,(anonymous_15)
FN:106,(anonymous_16)
FN:31,(anonymous_17)
FN:32,(anonymous_18)
FNF:17
FNH:1
FNDA:1,(anonymous_2)
FNDA:0,AdminLayoutComponent
FNDA:0,(anonymous_4)
FNDA:0,(anonymous_5)
FNDA:0,(anonymous_6)
FNDA:0,(anonymous_7)
FNDA:0,(anonymous_8)
FNDA:0,(anonymous_9)
FNDA:0,(anonymous_10)
FNDA:0,(anonymous_11)
FNDA:0,(anonymous_12)
FNDA:0,(anonymous_13)
FNDA:0,(anonymous_14)
FNDA:0,(anonymous_15)
FNDA:0,(anonymous_16)
FNDA:0,(anonymous_17)
FNDA:0,(anonymous_18)
DA:1,1
DA:2,1
DA:4,1
DA:5,1
DA:6,1
DA:7,1
DA:10,1
DA:11,1
DA:13,1
DA:22,1
DA:25,0
DA:29,1
DA:30,1
DA:31,1
DA:32,1
DA:34,0
DA:36,0
DA:38,0
DA:40,1
DA:41,0
DA:42,0
DA:44,0
DA:45,0
DA:46,0
DA:47,0
DA:49,0
DA:50,0
DA:51,0
DA:52,0
DA:53,0
DA:54,0
DA:55,0
DA:56,0
DA:59,0
DA:62,0
DA:63,0
DA:64,0
DA:66,0
DA:67,0
DA:68,0
DA:70,0
DA:71,0
DA:76,1
DA:77,0
DA:79,1
DA:80,0
DA:81,0
DA:83,0
DA:86,1
DA:87,0
DA:88,0
DA:89,0
DA:90,0
DA:91,0
DA:92,0
DA:95,1
DA:96,0
DA:97,0
DA:98,0
DA:100,0
DA:103,1
DA:104,0
DA:107,0
DA:110,1
LF:64
LH:21
BRDA:41,0,0,0
BRDA:41,0,1,0
BRDA:50,1,0,0
BRDA:50,1,1,0
BRDA:51,2,0,0
BRDA:51,2,1,0
BRDA:53,3,0,0
BRDA:53,3,1,0
BRDA:54,4,0,0
BRDA:54,4,1,0
BRDA:66,5,0,0
BRDA:66,5,1,0
BRDA:66,6,0,0
BRDA:66,6,1,0
BRDA:80,7,0,0
BRDA:80,7,1,0
BRDA:87,8,0,0
BRDA:87,8,1,0
BRDA:87,9,0,0
BRDA:87,9,1,0
BRDA:97,10,0,0
BRDA:97,10,1,0
BRDA:97,11,0,0
BRDA:97,11,1,0
BRF:24
BRH:0
end_of_record
TN:
SF:/Users/johnhigginsm.avila/Documents/Thesis/RCRTS/web-app/src/app/layouts/auth/auth-layout.component.ts
FN:7,(anonymous_1)
FNF:1
FNH:1
FNDA:1,(anonymous_1)
DA:1,1
DA:7,1
LF:2
LH:2
BRF:0
BRH:0
end_of_record
TN:
SF:/Users/johnhigginsm.avila/Documents/Thesis/RCRTS/web-app/src/app/layouts/host/host-layout.component.ts
FN:26,(anonymous_2)
FN:39,HostLayoutComponent
FN:47,(anonymous_4)
FN:53,(anonymous_5)
FN:54,(anonymous_6)
FN:61,(anonymous_7)
FN:64,(anonymous_8)
FN:77,(anonymous_9)
FN:77,(anonymous_10)
FN:85,(anonymous_11)
FN:85,(anonymous_12)
FN:91,(anonymous_13)
FN:94,(anonymous_14)
FN:101,(anonymous_15)
FN:110,(anonymous_16)
FN:118,(anonymous_17)
FN:121,(anonymous_18)
FN:35,(anonymous_19)
FN:36,(anonymous_20)
FNF:19
FNH:1
FNDA:1,(anonymous_2)
FNDA:0,HostLayoutComponent
FNDA:0,(anonymous_4)
FNDA:0,(anonymous_5)
FNDA:0,(anonymous_6)
FNDA:0,(anonymous_7)
FNDA:0,(anonymous_8)
FNDA:0,(anonymous_9)
FNDA:0,(anonymous_10)
FNDA:0,(anonymous_11)
FNDA:0,(anonymous_12)
FNDA:0,(anonymous_13)
FNDA:0,(anonymous_14)
FNDA:0,(anonymous_15)
FNDA:0,(anonymous_16)
FNDA:0,(anonymous_17)
FNDA:0,(anonymous_18)
FNDA:0,(anonymous_19)
FNDA:0,(anonymous_20)
DA:1,1
DA:2,1
DA:4,1
DA:5,1
DA:6,1
DA:7,1
DA:9,1
DA:10,1
DA:12,1
DA:13,1
DA:26,1
DA:29,0
DA:33,1
DA:34,1
DA:35,1
DA:36,1
DA:40,0
DA:42,0
DA:43,0
DA:45,0
DA:47,1
DA:48,0
DA:49,0
DA:51,0
DA:54,0
DA:55,0
DA:59,0
DA:60,0
DA:61,0
DA:62,0
DA:64,0
DA:65,0
DA:66,0
DA:67,0
DA:68,0
DA:69,0
DA:70,0
DA:71,0
DA:74,0
DA:77,0
DA:78,0
DA:79,0
DA:81,0
DA:82,0
DA:83,0
DA:85,0
DA:86,0
DA:91,1
DA:92,0
DA:94,1
DA:95,0
DA:96,0
DA:98,0
DA:101,1
DA:102,0
DA:103,0
DA:104,0
DA:105,0
DA:106,0
DA:107,0
DA:110,1
DA:111,0
DA:112,0
DA:113,0
DA:115,0
DA:118,1
DA:119,0
DA:122,0
DA:125,1
LF:69
LH:22
BRDA:48,0,0,0
BRDA:48,0,1,0
BRDA:65,1,0,0
BRDA:65,1,1,0
BRDA:66,2,0,0
BRDA:66,2,1,0
BRDA:68,3,0,0
BRDA:68,3,1,0
BRDA:69,4,0,0
BRDA:69,4,1,0
BRDA:81,5,0,0
BRDA:81,5,1,0
BRDA:81,6,0,0
BRDA:81,6,1,0
BRDA:95,7,0,0
BRDA:95,7,1,0
BRDA:102,8,0,0
BRDA:102,8,1,0
BRDA:102,9,0,0
BRDA:102,9,1,0
BRDA:112,10,0,0
BRDA:112,10,1,0
BRDA:112,11,0,0
BRDA:112,11,1,0
BRF:24
BRH:0
end_of_record
TN:
SF:/Users/johnhigginsm.avila/Documents/Thesis/RCRTS/web-app/src/app/layouts/public/public-layout.component.ts
FN:23,(anonymous_2)
FN:34,PublicLayoutComponent
FN:41,(anonymous_4)
FN:47,(anonymous_5)
FN:48,(anonymous_6)
FN:55,(anonymous_7)
FN:58,(anonymous_8)
FN:71,(anonymous_9)
FN:71,(anonymous_10)
FN:79,(anonymous_11)
FN:79,(anonymous_12)
FN:85,(anonymous_13)
FN:88,(anonymous_14)
FN:95,(anonymous_15)
FN:104,(anonymous_16)
FN:112,(anonymous_17)
FN:115,(anonymous_18)
FN:32,(anonymous_19)
FN:33,(anonymous_20)
FNF:19
FNH:1
FNDA:1,(anonymous_2)
FNDA:0,PublicLayoutComponent
FNDA:0,(anonymous_4)
FNDA:0,(anonymous_5)
FNDA:0,(anonymous_6)
FNDA:0,(anonymous_7)
FNDA:0,(anonymous_8)
FNDA:0,(anonymous_9)
FNDA:0,(anonymous_10)
FNDA:0,(anonymous_11)
FNDA:0,(anonymous_12)
FNDA:0,(anonymous_13)
FNDA:0,(anonymous_14)
FNDA:0,(anonymous_15)
FNDA:0,(anonymous_16)
FNDA:0,(anonymous_17)
FNDA:0,(anonymous_18)
FNDA:0,(anonymous_19)
FNDA:0,(anonymous_20)
DA:2,1
DA:3,1
DA:5,1
DA:6,1
DA:7,1
DA:8,1
DA:10,1
DA:11,1
DA:13,1
DA:14,1
DA:23,1
DA:26,0
DA:30,1
DA:31,1
DA:32,1
DA:33,1
DA:35,0
DA:37,0
DA:39,0
DA:41,1
DA:42,0
DA:43,0
DA:45,0
DA:48,0
DA:49,0
DA:53,0
DA:54,0
DA:55,0
DA:56,0
DA:58,0
DA:59,0
DA:60,0
DA:61,0
DA:62,0
DA:63,0
DA:64,0
DA:65,0
DA:68,0
DA:71,0
DA:72,0
DA:73,0
DA:75,0
DA:76,0
DA:77,0
DA:79,0
DA:80,0
DA:85,1
DA:86,0
DA:88,1
DA:89,0
DA:90,0
DA:92,0
DA:95,1
DA:96,0
DA:97,0
DA:98,0
DA:99,0
DA:100,0
DA:101,0
DA:104,1
DA:105,0
DA:106,0
DA:107,0
DA:109,0
DA:112,1
DA:113,0
DA:116,0
DA:119,1
LF:68
LH:22
BRDA:42,0,0,0
BRDA:42,0,1,0
BRDA:59,1,0,0
BRDA:59,1,1,0
BRDA:60,2,0,0
BRDA:60,2,1,0
BRDA:62,3,0,0
BRDA:62,3,1,0
BRDA:63,4,0,0
BRDA:63,4,1,0
BRDA:75,5,0,0
BRDA:75,5,1,0
BRDA:75,6,0,0
BRDA:75,6,1,0
BRDA:89,7,0,0
BRDA:89,7,1,0
BRDA:96,8,0,0
BRDA:96,8,1,0
BRDA:96,9,0,0
BRDA:96,9,1,0
BRDA:106,10,0,0
BRDA:106,10,1,0
BRDA:106,11,0,0
BRDA:106,11,1,0
BRF:24
BRH:0
end_of_record
TN:
SF:/Users/johnhigginsm.avila/Documents/Thesis/RCRTS/web-app/src/app/maps/index.ts
FNF:0
FNH:0
DA:1,1
DA:2,1
LF:2
LH:2
BRF:0
BRH:0
end_of_record
TN:
SF:/Users/johnhigginsm.avila/Documents/Thesis/RCRTS/web-app/src/app/maps/maps.module.ts
FN:36,(anonymous_1)
FNF:1
FNH:1
FNDA:1,(anonymous_1)
DA:1,1
DA:2,1
DA:3,1
DA:4,1
DA:5,1
DA:7,1
DA:9,1
DA:10,1
DA:11,1
DA:12,1
DA:13,1
DA:36,1
LF:12
LH:12
BRF:0
BRH:0
end_of_record
TN:
SF:/Users/johnhigginsm.avila/Documents/Thesis/RCRTS/web-app/src/app/maps/maps.routing.ts
FNF:0
FNH:0
DA:3,1
DA:4,1
DA:5,1
DA:7,1
LF:4
LH:4
BRF:0
BRH:0
end_of_record
TN:
SF:/Users/johnhigginsm.avila/Documents/Thesis/RCRTS/web-app/src/app/maps/fullscreenmap/fullscreenmap.component.ts
FN:17,(anonymous_1)
FN:18,(anonymous_3)
FNF:2
FNH:1
FNDA:1,(anonymous_1)
FNDA:0,(anonymous_3)
DA:1,1
DA:17,1
DA:18,1
DA:19,0
DA:20,0
DA:43,0
DA:44,0
DA:49,0
DA:51,1
LF:9
LH:4
BRF:0
BRH:0
end_of_record
TN:
SF:/Users/johnhigginsm.avila/Documents/Thesis/RCRTS/web-app/src/app/maps/googlemaps/googlemaps.component.ts
FN:10,(anonymous_1)
FN:11,(anonymous_3)
FNF:2
FNH:1
FNDA:1,(anonymous_1)
FNDA:0,(anonymous_3)
DA:1,1
DA:10,1
DA:11,1
DA:12,0
DA:13,0
DA:19,0
DA:21,0
DA:26,0
DA:30,0
DA:31,0
DA:55,0
DA:57,0
DA:62,0
DA:65,0
DA:66,0
DA:72,0
DA:74,0
DA:79,0
DA:81,1
LF:19
LH:4
BRF:0
BRH:0
end_of_record
TN:
SF:/Users/johnhigginsm.avila/Documents/Thesis/RCRTS/web-app/src/app/maps/map-pointer-modal/map-pointer-modal.component.ts
FN:9,(anonymous_4)
FN:16,MapPointerModalComponent
FN:21,(anonymous_6)
FN:29,(anonymous_7)
FN:34,(anonymous_8)
FNF:5
FNH:1
FNDA:1,(anonymous_4)
FNDA:0,MapPointerModalComponent
FNDA:0,(anonymous_6)
FNDA:0,(anonymous_7)
FNDA:0,(anonymous_8)
DA:1,1
DA:2,1
DA:9,1
DA:14,0
DA:17,0
DA:18,0
DA:21,1
DA:22,0
DA:23,0
DA:24,0
DA:25,0
DA:26,0
DA:29,1
DA:30,0
DA:31,0
DA:34,1
DA:35,0
DA:41,1
LF:18
LH:7
BRF:0
BRH:0
end_of_record
TN:
SF:/Users/johnhigginsm.avila/Documents/Thesis/RCRTS/web-app/src/app/maps/vectormaps/vectormaps.component.ts
FN:12,(anonymous_1)
FN:13,(anonymous_3)
FN:29,(anonymous_4)
FNF:3
FNH:1
FNDA:1,(anonymous_1)
FNDA:0,(anonymous_3)
FNDA:0,(anonymous_4)
DA:3,1
DA:12,1
DA:13,1
DA:14,0
DA:31,0
DA:36,0
DA:40,1
LF:7
LH:4
BRF:0
BRH:0
end_of_record
TN:
SF:/Users/johnhigginsm.avila/Documents/Thesis/RCRTS/web-app/src/app/md/md-chart/md-chart.component.ts
FN:9,(anonymous_2)
FN:21,(anonymous_3)
FN:59,MdChartComponent
FN:62,(anonymous_5)
FN:66,(anonymous_6)
FNF:5
FNH:5
FNDA:1,(anonymous_2)
FNDA:1,(anonymous_3)
FNDA:1,MdChartComponent
FNDA:1,(anonymous_5)
FNDA:1,(anonymous_6)
DA:1,1
DA:2,1
DA:9,1
DA:10,1
DA:11,1
DA:12,1
DA:21,1
DA:22,1
DA:25,1
DA:28,1
DA:31,1
DA:34,1
DA:37,1
DA:40,1
DA:43,1
DA:46,1
DA:49,1
DA:52,1
DA:55,1
DA:62,1
DA:63,1
DA:66,1
DA:68,1
DA:70,0
DA:71,0
DA:73,0
DA:74,0
DA:76,0
DA:77,0
DA:80,1
LF:30
LH:24
BRDA:9,0,0,1
BRDA:9,0,1,1
BRDA:69,1,0,0
BRDA:69,1,1,0
BRDA:69,1,2,0
BRF:5
BRH:2
end_of_record
TN:
SF:/Users/johnhigginsm.avila/Documents/Thesis/RCRTS/web-app/src/app/pages/host-page/pending-host-request-view/pending-host-request-view.component.ts
FN:17,(anonymous_2)
FN:25,PendingHostRequestViewComponent
FN:30,(anonymous_4)
FN:37,(anonymous_5)
FN:47,(anonymous_6)
FN:58,(anonymous_7)
FN:65,(anonymous_8)
FN:74,(anonymous_9)
FN:81,(anonymous_10)
FN:90,(anonymous_11)
FN:18,(anonymous_12)
FN:19,(anonymous_13)
FN:20,(anonymous_14)
FN:21,(anonymous_15)
FNF:14
FNH:1
FNDA:1,(anonymous_2)
FNDA:0,PendingHostRequestViewComponent
FNDA:0,(anonymous_4)
FNDA:0,(anonymous_5)
FNDA:0,(anonymous_6)
FNDA:0,(anonymous_7)
FNDA:0,(anonymous_8)
FNDA:0,(anonymous_9)
FNDA:0,(anonymous_10)
FNDA:0,(anonymous_11)
FNDA:0,(anonymous_12)
FNDA:0,(anonymous_13)
FNDA:0,(anonymous_14)
FNDA:0,(anonymous_15)
DA:2,1
DA:3,1
DA:7,1
DA:8,1
DA:9,1
DA:10,1
DA:17,1
DA:18,1
DA:19,1
DA:20,1
DA:21,1
DA:23,0
DA:26,0
DA:27,0
DA:30,1
DA:31,0
DA:32,0
DA:37,1
DA:38,0
DA:39,0
DA:40,0
DA:41,0
DA:42,0
DA:47,1
DA:48,0
DA:49,0
DA:50,0
DA:51,0
DA:52,0
DA:53,0
DA:58,1
DA:59,0
DA:60,0
DA:61,0
DA:65,1
DA:66,0
DA:67,0
DA:68,0
DA:69,0
DA:70,0
DA:74,1
DA:75,0
DA:76,0
DA:81,1
DA:82,0
DA:91,0
DA:92,0
DA:93,0
DA:100,1
LF:49
LH:19
BRDA:38,0,0,0
BRDA:38,0,1,0
BRDA:49,1,0,0
BRDA:49,1,1,0
BRDA:91,2,0,0
BRDA:91,2,1,0
BRF:6
BRH:0
end_of_record
TN:
SF:/Users/johnhigginsm.avila/Documents/Thesis/RCRTS/web-app/src/app/pages/host-page/report-detail-view/report-detail-view.component.ts
FN:14,(anonymous_2)
FN:18,ReportDetailViewComponent
FN:23,(anonymous_4)
FN:25,(anonymous_5)
FN:16,(anonymous_6)
FNF:5
FNH:1
FNDA:1,(anonymous_2)
FNDA:0,ReportDetailViewComponent
FNDA:0,(anonymous_4)
FNDA:0,(anonymous_5)
FNDA:0,(anonymous_6)
DA:1,1
DA:2,1
DA:3,1
DA:4,1
DA:5,1
DA:6,1
DA:14,1
DA:16,1
DA:19,0
DA:20,0
DA:23,1
DA:24,0
DA:26,0
DA:32,1
LF:14
LH:10
BRF:0
BRH:0
end_of_record
TN:
SF:/Users/johnhigginsm.avila/Documents/Thesis/RCRTS/web-app/src/app/pages/host-page/reports-table-view/reports-table-view.component.ts
FN:18,(anonymous_2)
FN:27,ReportsTableViewComponent
FN:33,(anonymous_4)
FN:38,(anonymous_5)
FN:47,(anonymous_6)
FN:55,(anonymous_7)
FN:61,(anonymous_8)
FN:69,(anonymous_9)
FN:74,(anonymous_10)
FN:20,(anonymous_11)
FN:21,(anonymous_12)
FN:22,(anonymous_13)
FN:23,(anonymous_14)
FNF:13
FNH:1
FNDA:1,(anonymous_2)
FNDA:0,ReportsTableViewComponent
FNDA:0,(anonymous_4)
FNDA:0,(anonymous_5)
FNDA:0,(anonymous_6)
FNDA:0,(anonymous_7)
FNDA:0,(anonymous_8)
FNDA:0,(anonymous_9)
FNDA:0,(anonymous_10)
FNDA:0,(anonymous_11)
FNDA:0,(anonymous_12)
FNDA:0,(anonymous_13)
FNDA:0,(anonymous_14)
DA:1,1
DA:2,1
DA:3,1
DA:4,1
DA:5,1
DA:10,1
DA:18,1
DA:20,1
DA:21,1
DA:22,1
DA:23,1
DA:25,0
DA:28,0
DA:29,0
DA:30,0
DA:33,1
DA:34,0
DA:38,1
DA:39,0
DA:40,0
DA:41,0
DA:42,0
DA:43,0
DA:47,1
DA:48,0
DA:49,0
DA:50,0
DA:51,0
DA:55,1
DA:56,0
DA:57,0
DA:61,1
DA:62,0
DA:63,0
DA:64,0
DA:65,0
DA:69,1
DA:70,0
DA:71,0
DA:74,1
DA:75,0
DA:76,0
DA:80,1
LF:43
LH:19
BRDA:40,0,0,0
BRDA:40,0,1,0
BRDA:48,1,0,0
BRDA:48,1,1,0
BRDA:75,2,0,0
BRDA:75,2,1,0
BRF:6
BRH:0
end_of_record
TN:
SF:/Users/johnhigginsm.avila/Documents/Thesis/RCRTS/web-app/src/app/pages/public-page/host-list-view/host-list-view.component.ts
FN:17,(anonymous_2)
FN:26,HostListViewComponent
FN:32,(anonymous_4)
FN:37,(anonymous_5)
FN:45,(anonymous_6)
FN:52,(anonymous_7)
FN:60,(anonymous_8)
FN:64,(anonymous_9)
FN:70,(anonymous_10)
FN:75,(anonymous_11)
FN:85,(anonymous_12)
FN:89,(anonymous_13)
FN:93,(anonymous_14)
FN:18,(anonymous_15)
FN:19,(anonymous_16)
FN:20,(anonymous_17)
FN:21,(anonymous_18)
FNF:17
FNH:1
FNDA:1,(anonymous_2)
FNDA:0,HostListViewComponent
FNDA:0,(anonymous_4)
FNDA:0,(anonymous_5)
FNDA:0,(anonymous_6)
FNDA:0,(anonymous_7)
FNDA:0,(anonymous_8)
FNDA:0,(anonymous_9)
FNDA:0,(anonymous_10)
FNDA:0,(anonymous_11)
FNDA:0,(anonymous_12)
FNDA:0,(anonymous_13)
FNDA:0,(anonymous_14)
FNDA:0,(anonymous_15)
FNDA:0,(anonymous_16)
FNDA:0,(anonymous_17)
FNDA:0,(anonymous_18)
DA:1,1
DA:3,1
DA:4,1
DA:5,1
DA:7,1
DA:9,1
DA:10,1
DA:17,1
DA:18,1
DA:19,1
DA:20,1
DA:21,1
DA:23,0
DA:27,0
DA:28,0
DA:29,0
DA:32,1
DA:33,0
DA:34,0
DA:35,0
DA:37,0
DA:40,0
DA:45,1
DA:46,0
DA:47,0
DA:48,0
DA:49,0
DA:52,1
DA:53,0
DA:54,0
DA:55,0
DA:56,0
DA:57,0
DA:60,1
DA:61,0
DA:62,0
DA:64,1
DA:65,0
DA:66,0
DA:67,0
DA:68,0
DA:70,1
DA:71,0
DA:72,0
DA:75,1
DA:76,0
DA:86,0
DA:87,0
DA:90,0
DA:92,0
DA:93,0
DA:95,0
DA:96,0
DA:101,1
LF:54
LH:20
BRDA:34,0,0,0
BRDA:34,0,1,0
BRDA:46,1,0,0
BRDA:46,1,1,0
BRDA:54,2,0,0
BRDA:54,2,1,0
BRDA:86,3,0,0
BRDA:86,3,1,0
BRF:8
BRH:0
end_of_record
TN:
SF:/Users/johnhigginsm.avila/Documents/Thesis/RCRTS/web-app/src/app/pages/public-page/new-host-view/new-host-view.component.ts
FN:8,(anonymous_2)
FN:10,NewHostViewComponent
FN:12,(anonymous_4)
FNF:3
FNH:1
FNDA:1,(anonymous_2)
FNDA:0,NewHostViewComponent
FNDA:0,(anonymous_4)
DA:1,1
DA:8,1
DA:12,1
DA:15,1
LF:4
LH:4
BRF:0
BRH:0
end_of_record
TN:
SF:/Users/johnhigginsm.avila/Documents/Thesis/RCRTS/web-app/src/app/pages/public-page/new-report-view/new-report-view.component.ts
FN:8,(anonymous_2)
FN:10,NewReportViewComponent
FN:12,(anonymous_4)
FNF:3
FNH:1
FNDA:1,(anonymous_2)
FNDA:0,NewReportViewComponent
FNDA:0,(anonymous_4)
DA:1,1
DA:8,1
DA:12,1
DA:15,1
LF:4
LH:4
BRF:0
BRH:0
end_of_record
TN:
SF:/Users/johnhigginsm.avila/Documents/Thesis/RCRTS/web-app/src/app/reporters/reporters-table/reporters-table.component.ts
FN:11,(anonymous_7)
FN:16,ReportersTableComponent
FN:20,(anonymous_9)
FN:24,(anonymous_10)
FNF:4
FNH:1
FNDA:1,(anonymous_7)
FNDA:0,ReportersTableComponent
FNDA:0,(anonymous_9)
FNDA:0,(anonymous_10)
DA:2,1
DA:4,1
DA:11,1
DA:13,1
DA:14,1
DA:17,0
DA:20,1
DA:21,0
DA:24,1
DA:25,0
DA:28,1
LF:11
LH:8
BRDA:17,0,0,0
BRDA:17,0,1,0
BRF:2
BRH:0
end_of_record
TN:
SF:/Users/johnhigginsm.avila/Documents/Thesis/RCRTS/web-app/src/app/reports/new-report/new-report.component.ts
FN:15,(anonymous_2)
FN:18,NewReportComponent
FN:25,(anonymous_4)
FN:30,(anonymous_5)
FN:48,(anonymous_6)
FN:61,(anonymous_7)
FN:67,(anonymous_8)
FN:71,(anonymous_9)
FN:75,(anonymous_10)
FN:79,(anonymous_11)
FN:83,(anonymous_12)
FNF:11
FNH:1
FNDA:1,(anonymous_2)
FNDA:0,NewReportComponent
FNDA:0,(anonymous_4)
FNDA:0,(anonymous_5)
FNDA:0,(anonymous_6)
FNDA:0,(anonymous_7)
FNDA:0,(anonymous_8)
FNDA:0,(anonymous_9)
FNDA:0,(anonymous_10)
FNDA:0,(anonymous_11)
FNDA:0,(anonymous_12)
DA:1,1
DA:2,1
DA:3,1
DA:4,1
DA:5,1
DA:6,1
DA:7,1
DA:15,1
DA:19,0
DA:20,0
DA:21,0
DA:22,0
DA:25,1
DA:26,0
DA:27,0
DA:30,1
DA:31,0
DA:48,1
DA:49,0
DA:60,0
DA:62,0
DA:63,0
DA:67,1
DA:68,0
DA:71,1
DA:72,0
DA:75,1
DA:76,0
DA:79,1
DA:80,0
DA:83,1
DA:84,0
DA:85,0
DA:86,0
DA:90,0
DA:94,1
LF:36
LH:17
BRDA:30,0,0,0
BRDA:30,0,1,0
BRDA:52,1,0,0
BRDA:52,1,1,0
BRDA:53,2,0,0
BRDA:53,2,1,0
BRDA:54,3,0,0
BRDA:54,3,1,0
BRDA:55,4,0,0
BRDA:55,4,1,0
BRDA:85,5,0,0
BRDA:85,5,1,0
BRF:12
BRH:0
end_of_record
TN:
SF:/Users/johnhigginsm.avila/Documents/Thesis/RCRTS/web-app/src/app/reports/report-details/report-details.component.ts
FN:10,(anonymous_2)
FN:15,ReportDetailsComponent
FN:37,(anonymous_4)
FN:41,(anonymous_5)
FN:47,(anonymous_6)
FN:58,(anonymous_7)
FN:59,(anonymous_8)
FNF:7
FNH:1
FNDA:1,(anonymous_2)
FNDA:0,ReportDetailsComponent
FNDA:0,(anonymous_4)
FNDA:0,(anonymous_5)
FNDA:0,(anonymous_6)
FNDA:0,(anonymous_7)
FNDA:0,(anonymous_8)
DA:2,1
DA:3,1
DA:10,1
DA:12,1
DA:13,0
DA:16,0
DA:18,0
DA:37,1
DA:41,1
DA:42,0
DA:43,0
DA:47,1
DA:48,0
DA:58,0
DA:59,0
DA:66,1
LF:16
LH:8
BRDA:42,0,0,0
BRDA:42,0,1,0
BRDA:56,1,0,0
BRDA:56,1,1,0
BRF:4
BRH:0
end_of_record
TN:
SF:/Users/johnhigginsm.avila/Documents/Thesis/RCRTS/web-app/src/app/reports/reports-table/reports-table.component.ts
FN:13,(anonymous_7)
FN:19,ReportsTableComponent
FN:23,(anonymous_9)
FN:27,(anonymous_10)
FNF:4
FNH:3
FNDA:1,(anonymous_7)
FNDA:1,ReportsTableComponent
FNDA:1,(anonymous_9)
FNDA:0,(anonymous_10)
DA:1,1
DA:4,1
DA:13,1
DA:15,1
DA:23,1
DA:24,1
DA:27,1
DA:28,0
DA:29,0
DA:32,1
LF:10
LH:8
BRDA:20,0,0,1
BRDA:20,0,1,1
BRF:2
BRH:2
end_of_record
TN:
SF:/Users/johnhigginsm.avila/Documents/Thesis/RCRTS/web-app/src/app/services/dialog.service.ts
FN:10,(anonymous_1)
FN:12,(anonymous_3)
FNF:2
FNH:1
FNDA:1,(anonymous_1)
FNDA:0,(anonymous_3)
DA:1,1
DA:2,1
DA:10,1
DA:12,1
DA:14,0
DA:15,0
DA:17,0
DA:18,0
DA:23,0
DA:24,0
DA:31,0
DA:32,0
DA:40,0
DA:41,0
DA:50,1
LF:15
LH:5
BRDA:17,0,0,0
BRDA:17,0,1,0
BRDA:23,1,0,0
BRDA:23,1,1,0
BRDA:31,2,0,0
BRDA:31,2,1,0
BRDA:40,3,0,0
BRDA:40,3,1,0
BRF:8
BRH:0
end_of_record
TN:
SF:/Users/johnhigginsm.avila/Documents/Thesis/RCRTS/web-app/src/app/services/host.service.ts
FN:16,(anonymous_2)
FN:20,HostService
FN:25,(anonymous_4)
FN:34,(anonymous_5)
FN:47,(anonymous_6)
FN:56,(anonymous_7)
FN:65,(anonymous_8)
FNF:7
FNH:1
FNDA:1,(anonymous_2)
FNDA:0,HostService
FNDA:0,(anonymous_4)
FNDA:0,(anonymous_5)
FNDA:0,(anonymous_6)
FNDA:0,(anonymous_7)
FNDA:0,(anonymous_8)
DA:1,1
DA:2,1
DA:4,1
DA:6,1
DA:7,1
DA:12,1
DA:13,1
DA:16,1
DA:18,0
DA:21,0
DA:22,0
DA:25,1
DA:26,0
DA:27,0
DA:28,0
DA:30,0
DA:34,1
DA:35,0
DA:36,0
DA:37,0
DA:39,0
DA:42,0
DA:47,1
DA:48,0
DA:51,0
DA:56,1
DA:57,0
DA:60,0
DA:65,1
DA:66,0
DA:69,0
DA:73,1
LF:32
LH:14
BRDA:27,0,0,0
BRDA:27,0,1,0
BRDA:34,1,0,0
BRDA:34,1,1,0
BRDA:34,2,0,0
BRDA:34,2,1,0
BRDA:34,3,0,0
BRDA:34,3,1,0
BRDA:36,4,0,0
BRDA:36,4,1,0
BRF:10
BRH:0
end_of_record
TN:
SF:/Users/johnhigginsm.avila/Documents/Thesis/RCRTS/web-app/src/app/services/index.ts
FNF:0
FNH:0
DA:1,1
DA:2,1
DA:3,1
DA:4,1
DA:5,1
DA:6,1
LF:6
LH:6
BRF:0
BRH:0
end_of_record
TN:
SF:/Users/johnhigginsm.avila/Documents/Thesis/RCRTS/web-app/src/app/services/report.service.ts
FN:15,(anonymous_2)
FN:22,ReportService
FN:27,(anonymous_4)
FN:36,(anonymous_5)
FN:37,(anonymous_6)
FN:53,(anonymous_7)
FN:54,(anonymous_8)
FN:64,(anonymous_9)
FN:73,(anonymous_10)
FNF:9
FNH:1
FNDA:1,(anonymous_2)
FNDA:0,ReportService
FNDA:0,(anonymous_4)
FNDA:0,(anonymous_5)
FNDA:0,(anonymous_6)
FNDA:0,(anonymous_7)
FNDA:0,(anonymous_8)
FNDA:0,(anonymous_9)
FNDA:0,(anonymous_10)
DA:2,1
DA:4,1
DA:5,1
DA:7,1
DA:9,1
DA:10,1
DA:11,1
DA:13,1
DA:15,1
DA:17,0
DA:18,0
DA:23,0
DA:24,0
DA:27,1
DA:28,0
DA:29,0
DA:30,0
DA:32,0
DA:36,1
DA:37,0
DA:38,0
DA:39,0
DA:40,0
DA:42,0
DA:43,0
DA:45,0
DA:48,0
DA:53,1
DA:54,0
DA:55,0
DA:56,0
DA:59,0
DA:64,1
DA:65,0
DA:68,0
DA:73,1
DA:74,0
DA:77,1
LF:38
LH:15
BRDA:29,0,0,0
BRDA:29,0,1,0
BRDA:36,1,0,0
BRDA:36,1,1,0
BRDA:36,2,0,0
BRDA:36,2,1,0
BRDA:36,3,0,0
BRDA:36,3,1,0
BRDA:36,4,0,0
BRDA:36,4,1,0
BRDA:39,5,0,0
BRDA:39,5,1,0
BRDA:42,6,0,0
BRDA:42,6,1,0
BRDA:53,7,0,0
BRDA:53,7,1,0
BRDA:55,8,0,0
BRDA:55,8,1,0
BRF:18
BRH:0
end_of_record
TN:
SF:/Users/johnhigginsm.avila/Documents/Thesis/RCRTS/web-app/src/app/services/reporter.service.ts
FN:16,(anonymous_2)
FN:21,ReporterService
FN:26,(anonymous_4)
FN:35,(anonymous_5)
FN:44,(anonymous_6)
FN:53,(anonymous_7)
FN:63,(anonymous_8)
FNF:7
FNH:1
FNDA:1,(anonymous_2)
FNDA:0,ReporterService
FNDA:0,(anonymous_4)
FNDA:0,(anonymous_5)
FNDA:0,(anonymous_6)
FNDA:0,(anonymous_7)
FNDA:0,(anonymous_8)
DA:1,1
DA:3,1
DA:5,1
DA:6,1
DA:11,1
DA:12,1
DA:13,1
DA:16,1
DA:18,0
DA:19,0
DA:22,0
DA:23,0
DA:26,1
DA:27,0
DA:28,0
DA:29,0
DA:31,0
DA:35,1
DA:36,0
DA:39,0
DA:44,1
DA:45,0
DA:48,0
DA:53,1
DA:54,0
DA:55,0
DA:58,0
DA:63,1
DA:64,0
DA:67,0
DA:73,1
LF:31
LH:14
BRDA:28,0,0,0
BRDA:28,0,1,0
BRDA:53,1,0,0
BRDA:53,1,1,0
BRDA:53,2,0,0
BRDA:53,2,1,0
BRF:6
BRH:0
end_of_record
TN:
SF:/Users/johnhigginsm.avila/Documents/Thesis/RCRTS/web-app/src/app/services/service.module.ts
FN:21,(anonymous_1)
FN:22,(anonymous_3)
FNF:2
FNH:2
FNDA:1,(anonymous_1)
FNDA:1,(anonymous_3)
DA:2,1
DA:3,1
DA:4,1
DA:6,1
DA:7,1
DA:8,1
DA:9,1
DA:10,1
DA:11,1
DA:21,1
DA:22,1
DA:23,1
DA:34,1
LF:13
LH:13
BRF:0
BRH:0
end_of_record
TN:
SF:/Users/johnhigginsm.avila/Documents/Thesis/RCRTS/web-app/src/app/services/session.service.ts
FN:16,(anonymous_2)
FN:19,SessionService
FN:24,(anonymous_4)
FN:28,(anonymous_5)
FN:32,(anonymous_6)
FN:36,(anonymous_7)
FN:40,(anonymous_8)
FN:55,(anonymous_9)
FN:59,(anonymous_10)
FN:63,(anonymous_11)
FN:67,(anonymous_12)
FN:71,(anonymous_13)
FN:75,(anonymous_14)
FN:79,(anonymous_15)
FNF:14
FNH:1
FNDA:1,(anonymous_2)
FNDA:0,SessionService
FNDA:0,(anonymous_4)
FNDA:0,(anonymous_5)
FNDA:0,(anonymous_6)
FNDA:0,(anonymous_7)
FNDA:0,(anonymous_8)
FNDA:0,(anonymous_9)
FNDA:0,(anonymous_10)
FNDA:0,(anonymous_11)
FNDA:0,(anonymous_12)
FNDA:0,(anonymous_13)
FNDA:0,(anonymous_14)
FNDA:0,(anonymous_15)
DA:1,1
DA:3,1
DA:4,1
DA:6,1
DA:7,1
DA:13,1
DA:16,1
DA:18,0
DA:20,0
DA:21,0
DA:24,1
DA:25,0
DA:26,0
DA:27,0
DA:28,0
DA:32,1
DA:33,0
DA:34,0
DA:35,0
DA:36,0
DA:40,1
DA:47,0
DA:50,0
DA:55,1
DA:56,0
DA:59,1
DA:60,0
DA:63,1
DA:64,0
DA:67,1
DA:68,0
DA:69,0
DA:70,0
DA:71,0
DA:75,1
DA:76,0
DA:77,0
DA:78,0
DA:79,0
DA:82,1
LF:40
LH:16
BRF:0
BRH:0
end_of_record
TN:
SF:/Users/johnhigginsm.avila/Documents/Thesis/RCRTS/web-app/src/app/shared/fixedplugin/fixedplugin.component.ts
FN:18,(anonymous_2)
FN:20,FixedpluginComponent
FN:22,(anonymous_4)
FN:41,(anonymous_5)
FN:53,(anonymous_6)
FN:73,(anonymous_7)
FN:83,(anonymous_8)
FN:92,(anonymous_9)
FN:101,(anonymous_10)
FN:120,(anonymous_11)
FN:151,(anonymous_12)
FN:161,(anonymous_13)
FN:170,(anonymous_14)
FN:175,(anonymous_15)
FNF:14
FNH:3
FNDA:1,(anonymous_2)
FNDA:1,FixedpluginComponent
FNDA:1,(anonymous_4)
FNDA:0,(anonymous_5)
FNDA:0,(anonymous_6)
FNDA:0,(anonymous_7)
FNDA:0,(anonymous_8)
FNDA:0,(anonymous_9)
FNDA:0,(anonymous_10)
FNDA:0,(anonymous_11)
FNDA:0,(anonymous_12)
FNDA:0,(anonymous_13)
FNDA:0,(anonymous_14)
FNDA:0,(anonymous_15)
DA:1,1
DA:4,1
DA:18,1
DA:22,1
DA:24,1
DA:25,1
DA:27,1
DA:29,1
DA:30,1
DA:32,1
DA:34,1
DA:35,0
DA:36,0
DA:41,1
DA:44,0
DA:45,0
DA:46,0
DA:47,0
DA:48,0
DA:53,1
DA:54,0
DA:56,0
DA:57,0
DA:58,0
DA:60,0
DA:61,0
DA:64,0
DA:65,0
DA:68,0
DA:69,0
DA:73,1
DA:74,0
DA:75,0
DA:76,0
DA:78,0
DA:79,0
DA:83,1
DA:84,0
DA:86,0
DA:87,0
DA:89,0
DA:91,0
DA:92,0
DA:93,0
DA:94,0
DA:98,0
DA:99,0
DA:101,0
DA:102,0
DA:103,0
DA:107,0
DA:108,0
DA:109,0
DA:111,0
DA:112,0
DA:115,0
DA:116,0
DA:120,1
DA:121,0
DA:122,0
DA:124,0
DA:125,0
DA:126,0
DA:127,0
DA:130,0
DA:131,0
DA:132,0
DA:135,0
DA:137,0
DA:138,0
DA:139,0
DA:142,0
DA:143,0
DA:144,0
DA:147,0
DA:151,1
DA:152,0
DA:154,0
DA:156,0
DA:157,0
DA:158,0
DA:161,0
DA:162,0
DA:164,0
DA:165,0
DA:170,0
DA:171,0
DA:175,0
DA:176,0
DA:182,1
LF:90
LH:18
BRDA:34,0,0,0
BRDA:34,0,1,1
BRDA:34,1,0,1
BRDA:34,1,1,1
BRDA:35,2,0,0
BRDA:35,2,1,0
BRDA:44,3,0,0
BRDA:44,3,1,0
BRDA:45,4,0,0
BRDA:45,4,1,0
BRDA:47,5,0,0
BRDA:47,5,1,0
BRDA:60,6,0,0
BRDA:60,6,1,0
BRDA:64,7,0,0
BRDA:64,7,1,0
BRDA:68,8,0,0
BRDA:68,8,1,0
BRDA:78,9,0,0
BRDA:78,9,1,0
BRDA:91,10,0,0
BRDA:91,10,1,0
BRDA:91,11,0,0
BRDA:91,11,1,0
BRDA:98,12,0,0
BRDA:98,12,1,0
BRDA:98,13,0,0
BRDA:98,13,1,0
BRDA:107,14,0,0
BRDA:107,14,1,0
BRDA:115,15,0,0
BRDA:115,15,1,0
BRDA:124,16,0,0
BRDA:124,16,1,0
BRDA:125,17,0,0
BRDA:125,17,1,0
BRDA:130,18,0,0
BRDA:130,18,1,0
BRDA:137,19,0,0
BRDA:137,19,1,0
BRDA:142,20,0,0
BRDA:142,20,1,0
BRDA:156,21,0,0
BRDA:156,21,1,0
BRF:44
BRH:3
end_of_record
TN:
SF:/Users/johnhigginsm.avila/Documents/Thesis/RCRTS/web-app/src/app/shared/fixedplugin/fixedplugin.module.ts
FN:12,(anonymous_1)
FNF:1
FNH:1
FNDA:1,(anonymous_1)
DA:1,1
DA:2,1
DA:3,1
DA:12,1
LF:4
LH:4
BRF:0
BRH:0
end_of_record
TN:
SF:/Users/johnhigginsm.avila/Documents/Thesis/RCRTS/web-app/src/app/shared/footer/footer.component.ts
FN:8,(anonymous_1)
FN:3,FooterComponent
FNF:2
FNH:1
FNDA:1,(anonymous_1)
FNDA:0,FooterComponent
DA:1,1
DA:8,1
DA:9,0
DA:10,1
LF:4
LH:3
BRF:0
BRH:0
end_of_record
TN:
SF:/Users/johnhigginsm.avila/Documents/Thesis/RCRTS/web-app/src/app/shared/footer/footer.module.ts
FN:12,(anonymous_1)
FNF:1
FNH:1
FNDA:1,(anonymous_1)
DA:1,1
DA:2,1
DA:3,1
DA:4,1
DA:12,1
LF:5
LH:5
BRF:0
BRH:0
end_of_record
TN:
SF:/Users/johnhigginsm.avila/Documents/Thesis/RCRTS/web-app/src/app/shared/navbar/navbar.component.ts
FN:19,(anonymous_2)
FN:33,NavbarComponent
FN:38,(anonymous_4)
FN:46,(anonymous_5)
FN:54,(anonymous_6)
FN:59,(anonymous_7)
FN:63,(anonymous_8)
FN:68,(anonymous_9)
FN:72,(anonymous_10)
FN:78,(anonymous_11)
FN:86,(anonymous_12)
FN:91,(anonymous_13)
FN:96,(anonymous_14)
FN:97,(anonymous_15)
FN:108,(anonymous_16)
FN:108,(anonymous_17)
FN:116,(anonymous_18)
FN:122,(anonymous_19)
FN:125,(anonymous_20)
FN:132,(anonymous_21)
FN:138,(anonymous_22)
FN:154,(anonymous_23)
FN:160,(anonymous_24)
FN:174,(anonymous_25)
FN:178,(anonymous_26)
FN:182,(anonymous_27)
FN:194,(anonymous_28)
FN:210,(anonymous_29)
FN:213,(anonymous_30)
FNF:29
FNH:1
FNDA:1,(anonymous_2)
FNDA:0,NavbarComponent
FNDA:0,(anonymous_4)
FNDA:0,(anonymous_5)
FNDA:0,(anonymous_6)
FNDA:0,(anonymous_7)
FNDA:0,(anonymous_8)
FNDA:0,(anonymous_9)
FNDA:0,(anonymous_10)
FNDA:0,(anonymous_11)
FNDA:0,(anonymous_12)
FNDA:0,(anonymous_13)
FNDA:0,(anonymous_14)
FNDA:0,(anonymous_15)
FNDA:0,(anonymous_16)
FNDA:0,(anonymous_17)
FNDA:0,(anonymous_18)
FNDA:0,(anonymous_19)
FNDA:0,(anonymous_20)
FNDA:0,(anonymous_21)
FNDA:0,(anonymous_22)
FNDA:0,(anonymous_23)
FNDA:0,(anonymous_24)
FNDA:0,(anonymous_25)
FNDA:0,(anonymous_26)
FNDA:0,(anonymous_27)
FNDA:0,(anonymous_28)
FNDA:0,(anonymous_29)
FNDA:0,(anonymous_30)
DA:2,1
DA:3,1
DA:4,1
DA:6,1
DA:7,1
DA:19,1
DA:22,0
DA:28,1
DA:29,1
DA:30,1
DA:31,1
DA:33,0
DA:34,0
DA:35,0
DA:36,0
DA:38,1
DA:39,0
DA:41,0
DA:42,0
DA:43,0
DA:46,0
DA:47,0
DA:49,0
DA:54,0
DA:55,0
DA:59,0
DA:60,0
DA:63,1
DA:64,0
DA:65,0
DA:67,0
DA:68,0
DA:69,0
DA:70,0
DA:72,0
DA:73,0
DA:75,0
DA:78,0
DA:79,0
DA:81,0
DA:86,0
DA:87,0
DA:91,0
DA:92,0
DA:96,1
DA:97,0
DA:99,0
DA:100,0
DA:101,0
DA:102,0
DA:103,0
DA:105,0
DA:106,0
DA:108,0
DA:109,0
DA:110,0
DA:111,0
DA:114,0
DA:116,1
DA:117,0
DA:118,0
DA:120,0
DA:122,1
DA:123,0
DA:124,0
DA:125,0
DA:126,0
DA:128,0
DA:130,0
DA:132,1
DA:133,0
DA:134,0
DA:135,0
DA:136,0
DA:138,1
DA:139,0
DA:140,0
DA:142,0
DA:144,0
DA:146,0
DA:147,0
DA:149,0
DA:150,0
DA:151,0
DA:154,0
DA:155,0
DA:158,0
DA:160,0
DA:161,0
DA:164,0
DA:165,0
DA:168,0
DA:169,0
DA:170,0
DA:171,0
DA:174,0
DA:175,0
DA:178,0
DA:179,0
DA:180,0
DA:181,0
DA:182,0
DA:183,0
DA:184,0
DA:188,0
DA:189,0
DA:194,1
DA:195,0
DA:196,0
DA:197,0
DA:198,0
DA:199,0
DA:200,0
DA:201,0
DA:202,0
DA:203,0
DA:208,0
DA:210,1
DA:211,0
DA:213,1
DA:214,0
DA:216,1
LF:122
LH:21
BRDA:41,0,0,0
BRDA:41,0,1,0
BRDA:67,1,0,0
BRDA:67,1,1,0
BRDA:102,2,0,0
BRDA:102,2,1,0
BRDA:105,3,0,0
BRDA:105,3,1,0
BRDA:110,4,0,0
BRDA:110,4,1,0
BRDA:117,5,0,0
BRDA:117,5,1,0
BRDA:139,6,0,0
BRDA:139,6,1,0
BRDA:147,7,0,0
BRDA:147,7,1,0
BRDA:150,8,0,0
BRDA:150,8,1,0
BRDA:168,9,0,0
BRDA:168,9,1,0
BRDA:170,10,0,0
BRDA:170,10,1,0
BRDA:197,11,0,0
BRDA:197,11,1,0
BRDA:197,12,0,0
BRDA:197,12,1,0
BRDA:199,13,0,0
BRDA:199,13,1,0
BRDA:202,14,0,0
BRDA:202,14,1,0
BRF:30
BRH:0
end_of_record
TN:
SF:/Users/johnhigginsm.avila/Documents/Thesis/RCRTS/web-app/src/app/shared/navbar/navbar.module.ts
FN:13,(anonymous_1)
FNF:1
FNH:1
FNDA:1,(anonymous_1)
DA:2,1
DA:3,1
DA:4,1
DA:5,1
DA:6,1
DA:13,1
LF:6
LH:6
BRF:0
BRH:0
end_of_record
TN:
SF:/Users/johnhigginsm.avila/Documents/Thesis/RCRTS/web-app/src/app/sidebar/sidebar.component.ts
FN:89,(anonymous_2)
FN:92,(anonymous_4)
FN:99,(anonymous_5)
FN:100,(anonymous_6)
FN:102,(anonymous_7)
FN:108,(anonymous_8)
FNF:6
FNH:1
FNDA:1,(anonymous_2)
FNDA:0,(anonymous_4)
FNDA:0,(anonymous_5)
FNDA:0,(anonymous_6)
FNDA:0,(anonymous_7)
FNDA:0,(anonymous_8)
DA:1,1
DA:2,1
DA:25,1
DA:89,1
DA:91,1
DA:92,1
DA:93,0
DA:94,0
DA:96,0
DA:99,1
DA:100,0
DA:102,1
DA:103,0
DA:104,0
DA:105,0
DA:108,1
DA:109,0
DA:110,0
DA:111,0
DA:113,0
DA:115,1
LF:21
LH:10
BRDA:93,0,0,0
BRDA:93,0,1,0
BRDA:103,1,0,0
BRDA:103,1,1,0
BRDA:103,2,0,0
BRDA:103,2,1,0
BRDA:110,3,0,0
BRDA:110,3,1,0
BRDA:110,4,0,0
BRDA:110,4,1,0
BRF:10
BRH:0
end_of_record
TN:
SF:/Users/johnhigginsm.avila/Documents/Thesis/RCRTS/web-app/src/app/sidebar/sidebar.module.ts
FN:12,(anonymous_1)
FNF:1
FNH:1
FNDA:1,(anonymous_1)
DA:1,1
DA:2,1
DA:3,1
DA:4,1
DA:12,1
LF:5
LH:5
BRF:0
BRH:0
end_of_record
TN:
SF:/Users/johnhigginsm.avila/Documents/Thesis/RCRTS/web-app/src/app/store/app.store.ts
FNF:0
FNH:0
DA:1,1
DA:2,1
DA:3,1
DA:4,1
DA:5,1
DA:6,1
DA:16,1
DA:24,1
LF:8
LH:8
BRF:0
BRH:0
end_of_record
TN:
SF:/Users/johnhigginsm.avila/Documents/Thesis/RCRTS/web-app/src/app/store/host.store.ts
FN:33,hostReducer
FNF:1
FNH:1
FNDA:2,hostReducer
DA:2,1
DA:10,1
DA:22,1
DA:33,4
DA:34,2
DA:35,0
DA:36,0
DA:37,0
DA:38,0
DA:39,0
DA:40,0
DA:42,2
LF:12
LH:6
BRDA:33,0,0,2
BRDA:33,0,1,0
BRDA:35,1,0,0
BRDA:35,1,1,0
BRDA:35,1,2,0
BRDA:35,1,3,0
BRDA:35,1,4,0
BRDA:35,1,5,0
BRF:8
BRH:1
end_of_record
TN:
SF:/Users/johnhigginsm.avila/Documents/Thesis/RCRTS/web-app/src/app/store/report.store.ts
FN:36,reportReducer
FNF:1
FNH:1
FNDA:2,reportReducer
DA:3,1
DA:13,1
DA:25,1
DA:36,4
DA:37,2
DA:38,0
DA:39,0
DA:40,0
DA:41,0
DA:42,0
DA:43,0
DA:44,0
DA:46,2
LF:13
LH:6
BRDA:36,0,0,2
BRDA:36,0,1,0
BRDA:38,1,0,0
BRDA:38,1,1,0
BRDA:38,1,2,0
BRDA:38,1,3,0
BRDA:38,1,4,0
BRDA:38,1,5,0
BRDA:38,1,6,0
BRF:9
BRH:1
end_of_record
TN:
SF:/Users/johnhigginsm.avila/Documents/Thesis/RCRTS/web-app/src/app/store/reporter.store.ts
FN:31,reporterReducer
FNF:1
FNH:1
FNDA:2,reporterReducer
DA:3,1
DA:10,1
DA:21,1
DA:31,4
DA:32,2
DA:33,0
DA:34,0
DA:35,0
DA:36,0
DA:38,2
LF:10
LH:6
BRDA:31,0,0,2
BRDA:31,0,1,0
BRDA:33,1,0,0
BRDA:33,1,1,0
BRDA:33,1,2,0
BRDA:33,1,3,0
BRF:6
BRH:1
end_of_record
TN:
SF:/Users/johnhigginsm.avila/Documents/Thesis/RCRTS/web-app/src/app/store/session.store.ts
FN:27,sessionReducer
FNF:1
FNH:1
FNDA:2,sessionReducer
DA:3,1
DA:12,1
DA:20,1
DA:27,4
DA:28,2
DA:29,0
DA:30,0
DA:31,0
DA:33,2
LF:9
LH:6
BRDA:27,0,0,2
BRDA:27,0,1,0
BRDA:29,1,0,0
BRDA:29,1,1,0
BRDA:29,1,2,0
BRF:5
BRH:1
end_of_record
TN:
SF:/Users/johnhigginsm.avila/Documents/Thesis/RCRTS/web-app/src/app/store/user-data.store.ts
FN:34,userDataReducer
FNF:1
FNH:1
FNDA:2,userDataReducer
DA:3,1
DA:11,1
DA:26,1
DA:34,4
DA:35,2
DA:36,0
DA:37,0
DA:38,0
DA:39,0
DA:40,0
DA:41,0
DA:43,2
LF:12
LH:6
BRDA:34,0,0,2
BRDA:34,0,1,0
BRDA:36,1,0,0
BRDA:36,1,1,0
BRDA:36,1,2,0
BRDA:36,1,3,0
BRDA:36,1,4,0
BRDA:36,1,5,0
BRF:8
BRH:1
end_of_record
TN:
SF:/Users/johnhigginsm.avila/Documents/Thesis/RCRTS/web-app/src/app/store/action-creators/action-creator.module.ts
FN:13,(anonymous_1)
FN:14,(anonymous_3)
FNF:2
FNH:2
FNDA:1,(anonymous_1)
FNDA:1,(anonymous_3)
DA:1,1
DA:3,1
DA:4,1
DA:5,1
DA:6,1
DA:7,1
DA:13,1
DA:14,1
DA:15,1
DA:26,1
LF:10
LH:10
BRF:0
BRH:0
end_of_record
TN:
SF:/Users/johnhigginsm.avila/Documents/Thesis/RCRTS/web-app/src/app/store/action-creators/host.actioncreator.ts
FN:24,(anonymous_2)
FN:25,HostActionCreator
FN:31,(anonymous_4)
FN:34,(anonymous_5)
FN:35,(anonymous_6)
FN:62,(anonymous_7)
FN:66,(anonymous_8)
FN:69,(anonymous_9)
FN:70,(anonymous_10)
FN:91,(anonymous_11)
FN:97,(anonymous_12)
FN:100,(anonymous_13)
FN:101,(anonymous_14)
FN:125,(anonymous_15)
FNF:14
FNH:1
FNDA:1,(anonymous_2)
FNDA:0,HostActionCreator
FNDA:0,(anonymous_4)
FNDA:0,(anonymous_5)
FNDA:0,(anonymous_6)
FNDA:0,(anonymous_7)
FNDA:0,(anonymous_8)
FNDA:0,(anonymous_9)
FNDA:0,(anonymous_10)
FNDA:0,(anonymous_11)
FNDA:0,(anonymous_12)
FNDA:0,(anonymous_13)
FNDA:0,(anonymous_14)
FNDA:0,(anonymous_15)
DA:1,1
DA:2,1
DA:3,1
DA:4,1
DA:6,1
DA:10,1
DA:13,1
DA:24,1
DA:26,0
DA:27,0
DA:28,0
DA:31,1
DA:32,0
DA:34,0
DA:36,0
DA:37,0
DA:43,0
DA:44,0
DA:50,0
DA:51,0
DA:62,0
DA:66,1
DA:67,0
DA:69,0
DA:71,0
DA:72,0
DA:78,0
DA:79,0
DA:85,0
DA:86,0
DA:92,0
DA:97,1
DA:98,0
DA:100,0
DA:102,0
DA:103,0
DA:109,0
DA:110,0
DA:116,0
DA:117,0
DA:126,0
DA:130,1
LF:42
LH:12
BRDA:31,0,0,0
BRDA:31,0,1,0
BRDA:31,1,0,0
BRDA:31,1,1,0
BRDA:31,2,0,0
BRDA:31,2,1,0
BRDA:36,3,0,0
BRDA:36,3,1,0
BRDA:43,4,0,0
BRDA:43,4,1,0
BRDA:50,5,0,0
BRDA:50,5,1,0
BRDA:71,6,0,0
BRDA:71,6,1,0
BRDA:78,7,0,0
BRDA:78,7,1,0
BRDA:85,8,0,0
BRDA:85,8,1,0
BRDA:102,9,0,0
BRDA:102,9,1,0
BRDA:109,10,0,0
BRDA:109,10,1,0
BRDA:116,11,0,0
BRDA:116,11,1,0
BRF:24
BRH:0
end_of_record
TN:
SF:/Users/johnhigginsm.avila/Documents/Thesis/RCRTS/web-app/src/app/store/action-creators/index.ts
FNF:0
FNH:0
DA:1,1
DA:2,1
DA:3,1
DA:4,1
LF:4
LH:4
BRF:0
BRH:0
end_of_record
TN:
SF:/Users/johnhigginsm.avila/Documents/Thesis/RCRTS/web-app/src/app/store/action-creators/report.actioncreator.ts
FN:26,(anonymous_2)
FN:27,ReportActionCreator
FN:33,(anonymous_4)
FN:53,(anonymous_5)
FN:57,(anonymous_6)
FN:68,(anonymous_7)
FN:72,(anonymous_8)
FN:76,(anonymous_9)
FN:79,(anonymous_10)
FN:80,(anonymous_11)
FN:107,(anonymous_12)
FN:120,(anonymous_13)
FN:124,(anonymous_14)
FN:134,(anonymous_15)
FN:168,(anonymous_16)
FN:171,(anonymous_17)
FN:172,(anonymous_18)
FNF:17
FNH:1
FNDA:1,(anonymous_2)
FNDA:0,ReportActionCreator
FNDA:0,(anonymous_4)
FNDA:0,(anonymous_5)
FNDA:0,(anonymous_6)
FNDA:0,(anonymous_7)
FNDA:0,(anonymous_8)
FNDA:0,(anonymous_9)
FNDA:0,(anonymous_10)
FNDA:0,(anonymous_11)
FNDA:0,(anonymous_12)
FNDA:0,(anonymous_13)
FNDA:0,(anonymous_14)
FNDA:0,(anonymous_15)
FNDA:0,(anonymous_16)
FNDA:0,(anonymous_17)
FNDA:0,(anonymous_18)
DA:1,1
DA:3,1
DA:4,1
DA:5,1
DA:8,1
DA:18,1
DA:26,1
DA:28,0
DA:29,0
DA:33,1
DA:34,0
DA:53,1
DA:54,0
DA:58,0
DA:68,1
DA:69,0
DA:70,0
DA:72,0
DA:73,0
DA:76,1
DA:77,0
DA:79,0
DA:81,0
DA:82,0
DA:88,0
DA:89,0
DA:95,0
DA:96,0
DA:107,0
DA:120,1
DA:121,0
DA:122,0
DA:125,0
DA:126,0
DA:132,0
DA:135,0
DA:136,0
DA:142,0
DA:143,0
DA:149,0
DA:150,0
DA:156,0
DA:157,0
DA:168,1
DA:169,0
DA:171,0
DA:173,0
DA:174,0
DA:181,0
DA:182,0
DA:190,1
LF:51
LH:14
BRDA:69,0,0,0
BRDA:69,0,1,0
BRDA:76,1,0,0
BRDA:76,1,1,0
BRDA:76,2,0,0
BRDA:76,2,1,0
BRDA:76,3,0,0
BRDA:76,3,1,0
BRDA:76,4,0,0
BRDA:76,4,1,0
BRDA:81,5,0,0
BRDA:81,5,1,0
BRDA:88,6,0,0
BRDA:88,6,1,0
BRDA:95,7,0,0
BRDA:95,7,1,0
BRDA:125,8,0,0
BRDA:125,8,1,0
BRDA:135,9,0,0
BRDA:135,9,1,0
BRDA:142,10,0,0
BRDA:142,10,1,0
BRDA:149,11,0,0
BRDA:149,11,1,0
BRDA:156,12,0,0
BRDA:156,12,1,0
BRDA:173,13,0,0
BRDA:173,13,1,0
BRDA:181,14,0,0
BRDA:181,14,1,0
BRF:30
BRH:0
end_of_record
TN:
SF:/Users/johnhigginsm.avila/Documents/Thesis/RCRTS/web-app/src/app/store/action-creators/reporter.actioncreator.ts
FN:19,(anonymous_2)
FN:21,ReporterActionCreator
FN:26,(anonymous_4)
FN:29,(anonymous_5)
FN:30,(anonymous_6)
FN:51,(anonymous_7)
FN:52,(anonymous_8)
FN:72,(anonymous_9)
FN:75,(anonymous_10)
FN:76,(anonymous_11)
FN:94,(anonymous_12)
FNF:11
FNH:1
FNDA:1,(anonymous_2)
FNDA:0,ReporterActionCreator
FNDA:0,(anonymous_4)
FNDA:0,(anonymous_5)
FNDA:0,(anonymous_6)
FNDA:0,(anonymous_7)
FNDA:0,(anonymous_8)
FNDA:0,(anonymous_9)
FNDA:0,(anonymous_10)
FNDA:0,(anonymous_11)
FNDA:0,(anonymous_12)
DA:1,1
DA:3,1
DA:5,1
DA:11,1
DA:12,1
DA:13,1
DA:19,1
DA:22,0
DA:23,0
DA:26,1
DA:27,0
DA:29,0
DA:31,0
DA:32,0
DA:39,0
DA:40,0
DA:52,0
DA:67,0
DA:72,1
DA:73,0
DA:75,0
DA:77,0
DA:78,0
DA:85,0
DA:86,0
DA:95,0
DA:96,0
DA:97,0
DA:103,1
LF:29
LH:10
BRDA:26,0,0,0
BRDA:26,0,1,0
BRDA:26,1,0,0
BRDA:26,1,1,0
BRDA:31,2,0,0
BRDA:31,2,1,0
BRDA:39,3,0,0
BRDA:39,3,1,0
BRDA:77,4,0,0
BRDA:77,4,1,0
BRDA:85,5,0,0
BRDA:85,5,1,0
BRDA:95,6,0,0
BRDA:95,6,1,0
BRF:14
BRH:0
end_of_record
TN:
SF:/Users/johnhigginsm.avila/Documents/Thesis/RCRTS/web-app/src/app/store/action-creators/session.actioncreator.ts
FN:26,(anonymous_2)
FN:27,SessionActionCreator
FN:34,(anonymous_4)
FN:37,(anonymous_5)
FN:38,(anonymous_6)
FN:69,(anonymous_7)
FN:79,(anonymous_8)
FN:88,(anonymous_9)
FN:91,(anonymous_10)
FN:92,(anonymous_11)
FN:120,(anonymous_12)
FN:134,(anonymous_13)
FN:143,(anonymous_14)
FN:146,(anonymous_15)
FN:160,(anonymous_16)
FN:174,(anonymous_17)
FN:183,(anonymous_18)
FN:186,(anonymous_19)
FN:187,(anonymous_20)
FN:214,(anonymous_21)
FN:216,(anonymous_22)
FN:230,(anonymous_23)
FN:239,(anonymous_24)
FNF:23
FNH:1
FNDA:1,(anonymous_2)
FNDA:0,SessionActionCreator
FNDA:0,(anonymous_4)
FNDA:0,(anonymous_5)
FNDA:0,(anonymous_6)
FNDA:0,(anonymous_7)
FNDA:0,(anonymous_8)
FNDA:0,(anonymous_9)
FNDA:0,(anonymous_10)
FNDA:0,(anonymous_11)
FNDA:0,(anonymous_12)
FNDA:0,(anonymous_13)
FNDA:0,(anonymous_14)
FNDA:0,(anonymous_15)
FNDA:0,(anonymous_16)
FNDA:0,(anonymous_17)
FNDA:0,(anonymous_18)
FNDA:0,(anonymous_19)
FNDA:0,(anonymous_20)
FNDA:0,(anonymous_21)
FNDA:0,(anonymous_22)
FNDA:0,(anonymous_23)
FNDA:0,(anonymous_24)
DA:1,1
DA:2,1
DA:3,1
DA:4,1
DA:5,1
DA:9,1
DA:10,1
DA:15,1
DA:17,1
DA:26,1
DA:28,0
DA:29,0
DA:30,0
DA:31,0
DA:34,1
DA:35,0
DA:37,0
DA:39,0
DA:40,0
DA:46,0
DA:47,0
DA:53,0
DA:54,0
DA:58,0
DA:59,0
DA:70,0
DA:80,0
DA:81,0
DA:83,0
DA:88,1
DA:89,0
DA:91,0
DA:93,0
DA:94,0
DA:100,0
DA:101,0
DA:105,0
DA:106,0
DA:111,0
DA:121,0
DA:122,0
DA:130,0
DA:135,0
DA:136,0
DA:138,0
DA:143,1
DA:144,0
DA:147,0
DA:148,0
DA:152,0
DA:153,0
DA:161,0
DA:162,0
DA:170,0
DA:175,0
DA:176,0
DA:178,0
DA:183,1
DA:184,0
DA:186,0
DA:188,0
DA:189,0
DA:195,0
DA:196,0
DA:200,0
DA:201,0
DA:206,0
DA:214,0
DA:217,0
DA:218,0
DA:226,0
DA:231,0
DA:232,0
DA:234,0
DA:239,1
DA:240,0
DA:243,0
DA:246,0
DA:248,1
LF:79
LH:16
BRDA:39,0,0,0
BRDA:39,0,1,0
BRDA:46,1,0,0
BRDA:46,1,1,0
BRDA:53,2,0,0
BRDA:53,2,1,0
BRDA:80,3,0,0
BRDA:80,3,1,0
BRDA:93,4,0,0
BRDA:93,4,1,0
BRDA:100,5,0,0
BRDA:100,5,1,0
BRDA:121,6,0,0
BRDA:121,6,1,0
BRDA:135,7,0,0
BRDA:135,7,1,0
BRDA:147,8,0,0
BRDA:147,8,1,0
BRDA:161,9,0,0
BRDA:161,9,1,0
BRDA:175,10,0,0
BRDA:175,10,1,0
BRDA:188,11,0,0
BRDA:188,11,1,0
BRDA:195,12,0,0
BRDA:195,12,1,0
BRDA:217,13,0,0
BRDA:217,13,1,0
BRDA:231,14,0,0
BRDA:231,14,1,0
BRF:30
BRH:0
end_of_record
TN:
SF:/Users/johnhigginsm.avila/Documents/Thesis/RCRTS/web-app/src/app/store/action-creators/user-data.actioncreator.ts
FN:27,(anonymous_3)
FN:28,UserDataActionCreator
FN:34,(anonymous_5)
FN:37,(anonymous_6)
FN:38,(anonymous_7)
FN:58,(anonymous_8)
FN:64,(anonymous_9)
FN:68,(anonymous_10)
FN:71,(anonymous_11)
FN:72,(anonymous_12)
FN:73,(anonymous_13)
FN:74,(anonymous_14)
FN:75,(anonymous_15)
FN:90,(anonymous_16)
FN:93,(anonymous_17)
FN:104,(anonymous_18)
FN:108,(anonymous_19)
FN:121,(anonymous_20)
FN:125,(anonymous_21)
FN:136,(anonymous_22)
FNF:20
FNH:1
FNDA:1,(anonymous_3)
FNDA:0,UserDataActionCreator
FNDA:0,(anonymous_5)
FNDA:0,(anonymous_6)
FNDA:0,(anonymous_7)
FNDA:0,(anonymous_8)
FNDA:0,(anonymous_9)
FNDA:0,(anonymous_10)
FNDA:0,(anonymous_11)
FNDA:0,(anonymous_12)
FNDA:0,(anonymous_13)
FNDA:0,(anonymous_14)
FNDA:0,(anonymous_15)
FNDA:0,(anonymous_16)
FNDA:0,(anonymous_17)
FNDA:0,(anonymous_18)
FNDA:0,(anonymous_19)
FNDA:0,(anonymous_20)
FNDA:0,(anonymous_21)
FNDA:0,(anonymous_22)
DA:4,1
DA:6,1
DA:7,1
DA:8,1
DA:12,1
DA:13,1
DA:15,1
DA:27,1
DA:29,0
DA:30,0
DA:31,0
DA:34,1
DA:35,0
DA:37,0
DA:39,0
DA:40,0
DA:50,0
DA:58,0
DA:64,1
DA:65,0
DA:66,0
DA:68,0
DA:69,0
DA:71,0
DA:72,0
DA:73,0
DA:74,0
DA:76,0
DA:86,0
DA:87,0
DA:90,1
DA:91,0
DA:94,0
DA:104,1
DA:105,0
DA:106,0
DA:109,0
DA:110,0
DA:121,1
DA:122,0
DA:123,0
DA:126,0
DA:136,1
DA:137,0
DA:139,1
LF:45
LH:15
BRDA:39,0,0,0
BRDA:39,0,1,0
BRDA:45,1,0,0
BRDA:45,1,1,0
BRDA:65,2,0,0
BRDA:65,2,1,0
BRDA:109,3,0,0
BRDA:109,3,1,0
BRF:8
BRH:0
end_of_record
TN:
SF:/Users/johnhigginsm.avila/Documents/Thesis/RCRTS/web-app/src/app/store/actions/host.action.ts
FNF:0
FNH:0
DA:1,1
DA:2,1
DA:3,1
DA:4,1
DA:5,1
DA:6,1
LF:6
LH:6
BRF:0
BRH:0
end_of_record
TN:
SF:/Users/johnhigginsm.avila/Documents/Thesis/RCRTS/web-app/src/app/store/actions/report.action.ts
FNF:0
FNH:0
DA:1,1
DA:2,1
DA:3,1
DA:4,1
DA:5,1
DA:6,1
DA:7,1
DA:8,1
DA:9,1
DA:10,1
DA:11,1
DA:12,1
DA:13,1
DA:15,1
DA:16,1
DA:17,1
DA:18,1
DA:19,1
LF:18
LH:18
BRF:0
BRH:0
end_of_record
TN:
SF:/Users/johnhigginsm.avila/Documents/Thesis/RCRTS/web-app/src/app/store/actions/reporter.action.ts
FNF:0
FNH:0
DA:1,1
DA:2,1
DA:3,1
DA:4,1
LF:4
LH:4
BRF:0
BRH:0
end_of_record
TN:
SF:/Users/johnhigginsm.avila/Documents/Thesis/RCRTS/web-app/src/app/store/actions/session.action.ts
FNF:0
FNH:0
DA:2,1
DA:3,1
DA:4,1
DA:5,1
DA:6,1
DA:7,1
DA:8,1
DA:9,1
DA:10,1
DA:11,1
DA:12,1
DA:13,1
DA:14,1
DA:15,1
LF:14
LH:14
BRF:0
BRH:0
end_of_record
TN:
SF:/Users/johnhigginsm.avila/Documents/Thesis/RCRTS/web-app/src/app/store/actions/user-data.action.ts
FNF:0
FNH:0
DA:1,1
DA:2,1
DA:3,1
DA:4,1
DA:5,1
DA:6,1
LF:6
LH:6
BRF:0
BRH:0
end_of_record
TN:
SF:/Users/johnhigginsm.avila/Documents/Thesis/RCRTS/web-app/src/app/store/reducers/host.reducer.ts
FN:5,getHostsSuccess
FN:15,getHostsFailed
FN:22,sendHostRequestSuccess
FN:28,sendHostRequestFailed
FN:35,createHostSuccess
FN:42,createHostFailed
FNF:6
FNH:0
FNDA:0,getHostsSuccess
FNDA:0,getHostsFailed
FNDA:0,sendHostRequestSuccess
FNDA:0,sendHostRequestFailed
FNDA:0,createHostSuccess
FNDA:0,createHostFailed
DA:1,1
DA:5,1
DA:6,0
DA:15,1
DA:16,0
DA:22,1
DA:23,0
DA:28,1
DA:29,0
DA:35,1
DA:36,0
DA:42,1
DA:43,0
LF:13
LH:7
BRF:0
BRH:0
end_of_record
TN:
SF:/Users/johnhigginsm.avila/Documents/Thesis/RCRTS/web-app/src/app/store/reducers/report.reducer.ts
FN:6,getReportsSuccess
FN:16,getReportData
FN:18,(anonymous_3)
FN:32,getReportsFailed
FN:39,getReportDetailsSuccess
FN:46,getReportDetailsFailed
FN:53,sendReportSuccess
FN:59,sendReportFailed
FNF:8
FNH:0
FNDA:0,getReportsSuccess
FNDA:0,getReportData
FNDA:0,(anonymous_3)
FNDA:0,getReportsFailed
FNDA:0,getReportDetailsSuccess
FNDA:0,getReportDetailsFailed
FNDA:0,sendReportSuccess
FNDA:0,sendReportFailed
DA:2,1
DA:3,1
DA:6,1
DA:7,0
DA:16,1
DA:17,0
DA:18,0
DA:20,0
DA:21,0
DA:22,0
DA:24,0
DA:26,0
DA:32,1
DA:33,0
DA:39,1
DA:40,0
DA:46,1
DA:47,0
DA:53,1
DA:54,0
DA:59,1
DA:60,0
LF:22
LH:9
BRDA:20,0,0,0
BRDA:20,0,1,0
BRF:2
BRH:0
end_of_record
TN:
SF:/Users/johnhigginsm.avila/Documents/Thesis/RCRTS/web-app/src/app/store/reducers/reporter.reducer.ts
FN:5,getPendingHostRequestSuccess
FN:15,getPendingHostRequestFailed
FN:22,acceptRequestSuccess
FN:28,acceptRequestFailed
FNF:4
FNH:0
FNDA:0,getPendingHostRequestSuccess
FNDA:0,getPendingHostRequestFailed
FNDA:0,acceptRequestSuccess
FNDA:0,acceptRequestFailed
DA:1,1
DA:5,1
DA:6,0
DA:15,1
DA:16,0
DA:22,1
DA:23,0
DA:28,1
DA:29,0
LF:9
LH:5
BRF:0
BRH:0
end_of_record
TN:
SF:/Users/johnhigginsm.avila/Documents/Thesis/RCRTS/web-app/src/app/store/reducers/session.reducer.ts
FN:4,sessionCreateFulfilled
FN:14,sessionCreateFailed
FN:22,registrationFailed
FNF:3
FNH:0
FNDA:0,sessionCreateFulfilled
FNDA:0,sessionCreateFailed
FNDA:0,registrationFailed
DA:1,1
DA:4,1
DA:5,0
DA:14,1
DA:15,0
DA:22,1
DA:23,0
LF:7
LH:4
BRF:0
BRH:0
end_of_record
TN:
SF:/Users/johnhigginsm.avila/Documents/Thesis/RCRTS/web-app/src/app/store/reducers/user-data.reducer.ts
FN:7,populateHost
FN:10,(anonymous_2)
FN:13,(anonymous_3)
FN:37,populateReporter
FN:45,populateReporterError
FN:52,populateUser
FN:60,userDataDestroy
FN:70,setActiveHost
FNF:8
FNH:0
FNDA:0,populateHost
FNDA:0,(anonymous_2)
FNDA:0,(anonymous_3)
FNDA:0,populateReporter
FNDA:0,populateReporterError
FNDA:0,populateUser
FNDA:0,userDataDestroy
FNDA:0,setActiveHost
DA:3,1
DA:5,1
DA:7,1
DA:8,0
DA:9,0
DA:10,0
DA:11,0
DA:13,0
DA:14,0
DA:17,0
DA:18,0
DA:19,0
DA:23,0
DA:24,0
DA:28,0
DA:30,0
DA:37,1
DA:38,0
DA:45,1
DA:46,0
DA:52,1
DA:53,0
DA:60,1
DA:61,0
DA:70,1
DA:71,0
LF:26
LH:8
BRDA:17,0,0,0
BRDA:17,0,1,0
BRDA:23,1,0,0
BRDA:23,1,1,0
BRDA:23,2,0,0
BRDA:23,2,1,0
BRDA:23,2,2,0
BRF:7
BRH:0
end_of_record
TN:
SF:/Users/johnhigginsm.avila/Documents/Thesis/RCRTS/web-app/src/environments/environment.ts
FNF:0
FNH:0
DA:6,1
LF:1
LH:1
BRF:0
BRH:0
end_of_record
